This file contains any messages produced by compilers while
running configure, to aid debugging if configure makes a mistake.

It was created by Specfem 2D configure 7.0.0, which was
generated by GNU Autoconf 2.69.  Invocation command line was

  $ ./configure FC=gfortran CC=gcc MPIFC=mpif90 --with-mpi --enable-double-precision

## --------- ##
## Platform. ##
## --------- ##

hostname = quentin-hp
uname -m = x86_64
uname -r = 4.13.0-19-generic
uname -s = Linux
uname -v = #22-Ubuntu SMP Mon Dec 4 11:58:07 UTC 2017

/usr/bin/uname -p = unknown
/bin/uname -X     = unknown

/bin/arch              = unknown
/usr/bin/arch -k       = unknown
/usr/convex/getsysinfo = unknown
/usr/bin/hostinfo      = unknown
/bin/machine           = unknown
/usr/bin/oslevel       = unknown
/bin/universe          = unknown

PATH: /home/quentin/Documents/Torch/install/bin
PATH: /home/quentin/Documents/Torch/install/bin
PATH: /usr/local/sbin
PATH: /usr/local/bin
PATH: /usr/sbin
PATH: /usr/bin
PATH: /sbin
PATH: /bin
PATH: /usr/games
PATH: /usr/local/games
PATH: /snap/bin


## ----------- ##
## Core tests. ##
## ----------- ##

configure:2473: checking build system type
configure:2487: result: x86_64-unknown-linux-gnu
configure:2507: checking host system type
configure:2520: result: x86_64-unknown-linux-gnu
configure:2814: checking for Fortran compiler version
configure:2823: gfortran --version >&5
GNU Fortran (Ubuntu 7.2.0-8ubuntu3) 7.2.0
Copyright (C) 2017 Free Software Foundation, Inc.
This is free software; see the source for copying conditions.  There is NO
warranty; not even for MERCHANTABILITY or FITNESS FOR A PARTICULAR PURPOSE.

configure:2834: $? = 0
configure:2823: gfortran -v >&5
Using built-in specs.
COLLECT_GCC=gfortran
COLLECT_LTO_WRAPPER=/usr/lib/gcc/x86_64-linux-gnu/7/lto-wrapper
OFFLOAD_TARGET_NAMES=nvptx-none
OFFLOAD_TARGET_DEFAULT=1
Target: x86_64-linux-gnu
Configured with: ../src/configure -v --with-pkgversion='Ubuntu 7.2.0-8ubuntu3' --with-bugurl=file:///usr/share/doc/gcc-7/README.Bugs --enable-languages=c,ada,c++,go,brig,d,fortran,objc,obj-c++ --prefix=/usr --with-gcc-major-version-only --program-suffix=-7 --program-prefix=x86_64-linux-gnu- --enable-shared --enable-linker-build-id --libexecdir=/usr/lib --without-included-gettext --enable-threads=posix --libdir=/usr/lib --enable-nls --with-sysroot=/ --enable-clocale=gnu --enable-libstdcxx-debug --enable-libstdcxx-time=yes --with-default-libstdcxx-abi=new --enable-gnu-unique-object --disable-vtable-verify --enable-libmpx --enable-plugin --enable-default-pie --with-system-zlib --with-target-system-zlib --enable-objc-gc=auto --enable-multiarch --disable-werror --with-arch-32=i686 --with-abi=m64 --with-multilib-list=m32,m64,mx32 --enable-multilib --with-tune=generic --enable-offload-targets=nvptx-none --without-cuda-driver --enable-checking=release --build=x86_64-linux-gnu --host=x86_64-linux-gnu --target=x86_64-linux-gnu
Thread model: posix
gcc version 7.2.0 (Ubuntu 7.2.0-8ubuntu3) 
configure:2834: $? = 0
configure:2823: gfortran -V >&5
gfortran: error: unrecognized command line option '-V'
gfortran: fatal error: no input files
compilation terminated.
configure:2834: $? = 1
configure:2823: gfortran -qversion >&5
gfortran: error: unrecognized command line option '-qversion'; did you mean '--version'?
gfortran: fatal error: no input files
compilation terminated.
configure:2834: $? = 1
configure:2849: checking whether the Fortran compiler works
configure:2871: gfortran    conftest.f  >&5
configure:2875: $? = 0
configure:2923: result: yes
configure:2926: checking for Fortran compiler default output file name
configure:2928: result: a.out
configure:2934: checking for suffix of executables
configure:2941: gfortran -o conftest    conftest.f  >&5
configure:2945: $? = 0
configure:2967: result: 
configure:2983: checking whether we are cross compiling
configure:2991: gfortran -o conftest    conftest.f  >&5
configure:2995: $? = 0
configure:3002: ./conftest
configure:3006: $? = 0
configure:3021: result: no
configure:3026: checking for suffix of object files
configure:3042: gfortran -c   conftest.f >&5
configure:3046: $? = 0
configure:3067: result: o
configure:3075: checking whether we are using the GNU Fortran compiler
configure:3088: gfortran -c   conftest.F >&5
configure:3088: $? = 0
configure:3097: result: yes
configure:3103: checking whether gfortran accepts -g
configure:3114: gfortran -c -g  conftest.f >&5
configure:3114: $? = 0
configure:3122: result: yes
configure:3160: running /bin/bash ./flags.guess
configure:3171: checking how to get verbose linking output from gfortran
configure:3181: gfortran -c -g -O2  conftest.f >&5
configure:3181: $? = 0
configure:3199: gfortran -o conftest -g -O2 -v conftest.f
Using built-in specs.
Target: x86_64-linux-gnu
Thread model: posix
gcc version 7.2.0 (Ubuntu 7.2.0-8ubuntu3) 
 /usr/lib/gcc/x86_64-linux-gnu/7/f951 conftest.f -ffixed-form -quiet -dumpbase conftest.f -mtune=generic -march=x86-64 -auxbase conftest -g -O2 -version -fintrinsic-modules-path /usr/lib/gcc/x86_64-linux-gnu/7/finclude -o /tmp/ccivBdMZ.s
GNU Fortran (Ubuntu 7.2.0-8ubuntu3) version 7.2.0 (x86_64-linux-gnu)
	compiled by GNU C version 7.2.0, GMP version 6.1.2, MPFR version 3.1.6, MPC version 1.0.3, isl version isl-0.18-GMP

GGC heuristics: --param ggc-min-expand=100 --param ggc-min-heapsize=131072
GNU Fortran2008 (Ubuntu 7.2.0-8ubuntu3) version 7.2.0 (x86_64-linux-gnu)
	compiled by GNU C version 7.2.0, GMP version 6.1.2, MPFR version 3.1.6, MPC version 1.0.3, isl version isl-0.18-GMP

GGC heuristics: --param ggc-min-expand=100 --param ggc-min-heapsize=131072
 as -v --64 -o /tmp/ccQInrzQ.o /tmp/ccivBdMZ.s
GNU assembler version 2.29.1 (x86_64-linux-gnu) using BFD version (GNU Binutils for Ubuntu) 2.29.1
Reading specs from /usr/lib/gcc/x86_64-linux-gnu/7/libgfortran.spec
rename spec lib to liborig
 /usr/lib/gcc/x86_64-linux-gnu/7/collect2 -plugin /usr/lib/gcc/x86_64-linux-gnu/7/liblto_plugin.so -plugin-opt=/usr/lib/gcc/x86_64-linux-gnu/7/lto-wrapper -plugin-opt=-fresolution=/tmp/ccn60mnH.res -plugin-opt=-pass-through=-lgcc_s -plugin-opt=-pass-through=-lgcc -plugin-opt=-pass-through=-lquadmath -plugin-opt=-pass-through=-lm -plugin-opt=-pass-through=-lgcc_s -plugin-opt=-pass-through=-lgcc -plugin-opt=-pass-through=-lc -plugin-opt=-pass-through=-lgcc_s -plugin-opt=-pass-through=-lgcc --sysroot=/ --build-id --eh-frame-hdr -m elf_x86_64 --hash-style=gnu --as-needed -dynamic-linker /lib64/ld-linux-x86-64.so.2 -pie -z now -z relro -o conftest /usr/lib/gcc/x86_64-linux-gnu/7/../../../x86_64-linux-gnu/Scrt1.o /usr/lib/gcc/x86_64-linux-gnu/7/../../../x86_64-linux-gnu/crti.o /usr/lib/gcc/x86_64-linux-gnu/7/crtbeginS.o -L/usr/lib/gcc/x86_64-linux-gnu/7 -L/usr/lib/gcc/x86_64-linux-gnu/7/../../../x86_64-linux-gnu -L/usr/lib/gcc/x86_64-linux-gnu/7/../../../../lib -L/lib/x86_64-linux-gnu -L/lib/../lib -L/usr/lib/x86_64-linux-gnu -L/usr/lib/../lib -L/usr/lib/gcc/x86_64-linux-gnu/7/../../.. /tmp/ccQInrzQ.o -lgfortran -lm -lgcc_s -lgcc -lquadmath -lm -lgcc_s -lgcc -lc -lgcc_s -lgcc /usr/lib/gcc/x86_64-linux-gnu/7/crtendS.o /usr/lib/gcc/x86_64-linux-gnu/7/../../../x86_64-linux-gnu/crtn.o
configure:3282: result: -v
configure:3284: checking for Fortran libraries of gfortran
configure:3307: gfortran -o conftest -g -O2 -v conftest.f
Using built-in specs.
Target: x86_64-linux-gnu
Thread model: posix
gcc version 7.2.0 (Ubuntu 7.2.0-8ubuntu3) 
 /usr/lib/gcc/x86_64-linux-gnu/7/f951 conftest.f -ffixed-form -quiet -dumpbase conftest.f -mtune=generic -march=x86-64 -auxbase conftest -g -O2 -version -fintrinsic-modules-path /usr/lib/gcc/x86_64-linux-gnu/7/finclude -o /tmp/ccgWt4K0.s
GNU Fortran (Ubuntu 7.2.0-8ubuntu3) version 7.2.0 (x86_64-linux-gnu)
	compiled by GNU C version 7.2.0, GMP version 6.1.2, MPFR version 3.1.6, MPC version 1.0.3, isl version isl-0.18-GMP

GGC heuristics: --param ggc-min-expand=100 --param ggc-min-heapsize=131072
GNU Fortran2008 (Ubuntu 7.2.0-8ubuntu3) version 7.2.0 (x86_64-linux-gnu)
	compiled by GNU C version 7.2.0, GMP version 6.1.2, MPFR version 3.1.6, MPC version 1.0.3, isl version isl-0.18-GMP

GGC heuristics: --param ggc-min-expand=100 --param ggc-min-heapsize=131072
 as -v --64 -o /tmp/ccFFwEIR.o /tmp/ccgWt4K0.s
GNU assembler version 2.29.1 (x86_64-linux-gnu) using BFD version (GNU Binutils for Ubuntu) 2.29.1
Reading specs from /usr/lib/gcc/x86_64-linux-gnu/7/libgfortran.spec
rename spec lib to liborig
 /usr/lib/gcc/x86_64-linux-gnu/7/collect2 -plugin /usr/lib/gcc/x86_64-linux-gnu/7/liblto_plugin.so -plugin-opt=/usr/lib/gcc/x86_64-linux-gnu/7/lto-wrapper -plugin-opt=-fresolution=/tmp/ccFZr1GI.res -plugin-opt=-pass-through=-lgcc_s -plugin-opt=-pass-through=-lgcc -plugin-opt=-pass-through=-lquadmath -plugin-opt=-pass-through=-lm -plugin-opt=-pass-through=-lgcc_s -plugin-opt=-pass-through=-lgcc -plugin-opt=-pass-through=-lc -plugin-opt=-pass-through=-lgcc_s -plugin-opt=-pass-through=-lgcc --sysroot=/ --build-id --eh-frame-hdr -m elf_x86_64 --hash-style=gnu --as-needed -dynamic-linker /lib64/ld-linux-x86-64.so.2 -pie -z now -z relro -o conftest /usr/lib/gcc/x86_64-linux-gnu/7/../../../x86_64-linux-gnu/Scrt1.o /usr/lib/gcc/x86_64-linux-gnu/7/../../../x86_64-linux-gnu/crti.o /usr/lib/gcc/x86_64-linux-gnu/7/crtbeginS.o -L/usr/lib/gcc/x86_64-linux-gnu/7 -L/usr/lib/gcc/x86_64-linux-gnu/7/../../../x86_64-linux-gnu -L/usr/lib/gcc/x86_64-linux-gnu/7/../../../../lib -L/lib/x86_64-linux-gnu -L/lib/../lib -L/usr/lib/x86_64-linux-gnu -L/usr/lib/../lib -L/usr/lib/gcc/x86_64-linux-gnu/7/../../.. /tmp/ccFFwEIR.o -lgfortran -lm -lgcc_s -lgcc -lquadmath -lm -lgcc_s -lgcc -lc -lgcc_s -lgcc /usr/lib/gcc/x86_64-linux-gnu/7/crtendS.o /usr/lib/gcc/x86_64-linux-gnu/7/../../../x86_64-linux-gnu/crtn.o
configure:3503: result:  -L/usr/lib/gcc/x86_64-linux-gnu/7 -L/usr/lib/gcc/x86_64-linux-gnu/7/../../../x86_64-linux-gnu -L/usr/lib/gcc/x86_64-linux-gnu/7/../../../../lib -L/lib/x86_64-linux-gnu -L/lib/../lib -L/usr/lib/x86_64-linux-gnu -L/usr/lib/../lib -L/usr/lib/gcc/x86_64-linux-gnu/7/../../.. -lgfortran -lm -lquadmath
configure:3562: checking for gcc
configure:3589: result: gcc
configure:3818: checking for C compiler version
configure:3827: gcc --version >&5
gcc (Ubuntu 7.2.0-8ubuntu3) 7.2.0
Copyright (C) 2017 Free Software Foundation, Inc.
This is free software; see the source for copying conditions.  There is NO
warranty; not even for MERCHANTABILITY or FITNESS FOR A PARTICULAR PURPOSE.

configure:3838: $? = 0
configure:3827: gcc -v >&5
Using built-in specs.
COLLECT_GCC=gcc
COLLECT_LTO_WRAPPER=/usr/lib/gcc/x86_64-linux-gnu/7/lto-wrapper
OFFLOAD_TARGET_NAMES=nvptx-none
OFFLOAD_TARGET_DEFAULT=1
Target: x86_64-linux-gnu
Configured with: ../src/configure -v --with-pkgversion='Ubuntu 7.2.0-8ubuntu3' --with-bugurl=file:///usr/share/doc/gcc-7/README.Bugs --enable-languages=c,ada,c++,go,brig,d,fortran,objc,obj-c++ --prefix=/usr --with-gcc-major-version-only --program-suffix=-7 --program-prefix=x86_64-linux-gnu- --enable-shared --enable-linker-build-id --libexecdir=/usr/lib --without-included-gettext --enable-threads=posix --libdir=/usr/lib --enable-nls --with-sysroot=/ --enable-clocale=gnu --enable-libstdcxx-debug --enable-libstdcxx-time=yes --with-default-libstdcxx-abi=new --enable-gnu-unique-object --disable-vtable-verify --enable-libmpx --enable-plugin --enable-default-pie --with-system-zlib --with-target-system-zlib --enable-objc-gc=auto --enable-multiarch --disable-werror --with-arch-32=i686 --with-abi=m64 --with-multilib-list=m32,m64,mx32 --enable-multilib --with-tune=generic --enable-offload-targets=nvptx-none --without-cuda-driver --enable-checking=release --build=x86_64-linux-gnu --host=x86_64-linux-gnu --target=x86_64-linux-gnu
Thread model: posix
gcc version 7.2.0 (Ubuntu 7.2.0-8ubuntu3) 
configure:3838: $? = 0
configure:3827: gcc -V >&5
gcc: error: unrecognized command line option '-V'
gcc: fatal error: no input files
compilation terminated.
configure:3838: $? = 1
configure:3827: gcc -qversion >&5
gcc: error: unrecognized command line option '-qversion'; did you mean '--version'?
gcc: fatal error: no input files
compilation terminated.
configure:3838: $? = 1
configure:3842: checking whether we are using the GNU C compiler
configure:3869: gcc -c   conftest.c >&5
configure:3869: $? = 0
configure:3878: result: yes
configure:3887: checking whether gcc accepts -g
configure:3915: gcc -c -g  conftest.c >&5
configure:3915: $? = 0
configure:3972: result: yes
configure:3989: checking for gcc option to accept ISO C89
configure:4060: gcc  -c -g -O2  conftest.c >&5
configure:4060: $? = 0
configure:4073: result: none needed
configure:4099: checking for dummy main to link with Fortran libraries
configure:4133: gcc -o conftest -g -O2   conftest.c   -L/usr/lib/gcc/x86_64-linux-gnu/7 -L/usr/lib/gcc/x86_64-linux-gnu/7/../../../x86_64-linux-gnu -L/usr/lib/gcc/x86_64-linux-gnu/7/../../../../lib -L/lib/x86_64-linux-gnu -L/lib/../lib -L/usr/lib/x86_64-linux-gnu -L/usr/lib/../lib -L/usr/lib/gcc/x86_64-linux-gnu/7/../../.. -lgfortran -lm -lquadmath >&5
configure:4133: $? = 0
configure:4178: result: none
configure:4211: checking for Fortran name-mangling scheme
configure:4224: gfortran -c -g -O2  conftest.f >&5
configure:4224: $? = 0
configure:4265: gcc -o conftest -g -O2   conftest.c cfortran_test.o   -L/usr/lib/gcc/x86_64-linux-gnu/7 -L/usr/lib/gcc/x86_64-linux-gnu/7/../../../x86_64-linux-gnu -L/usr/lib/gcc/x86_64-linux-gnu/7/../../../../lib -L/lib/x86_64-linux-gnu -L/lib/../lib -L/usr/lib/x86_64-linux-gnu -L/usr/lib/../lib -L/usr/lib/gcc/x86_64-linux-gnu/7/../../.. -lgfortran -lm -lquadmath >&5
/tmp/ccJFMiI2.o: In function `main':
/home/quentin/Téléchargements/specfem-dg-clean/specfem-dg-devel/conftest.c:28: undefined reference to `foobar'
collect2: error: ld returned 1 exit status
configure:4265: $? = 1
configure: failed program was:
| /* confdefs.h */
| #define PACKAGE_NAME "Specfem 2D"
| #define PACKAGE_TARNAME "Specfem2D"
| #define PACKAGE_VERSION "7.0.0"
| #define PACKAGE_STRING "Specfem 2D 7.0.0"
| #define PACKAGE_BUGREPORT "see the wiki"
| #define PACKAGE_URL ""
| /* end confdefs.h.  */
| 
| /* Override any GCC internal prototype to avoid an error.
|    Use char because int might match the return type of a GCC
|    builtin and then its argument prototype would still apply.  */
| #ifdef __cplusplus
| extern "C"
| #endif
| char foobar ();
| #ifdef FC_DUMMY_MAIN
| #ifndef FC_DUMMY_MAIN_EQ_F77
| #  ifdef __cplusplus
|      extern "C"
| #  endif
|    int FC_DUMMY_MAIN() { return 1; }
| #endif
| #endif
| int
| main ()
| {
| return foobar ();
|   ;
|   return 0;
| }
configure:4265: gcc -o conftest -g -O2   conftest.c cfortran_test.o   -L/usr/lib/gcc/x86_64-linux-gnu/7 -L/usr/lib/gcc/x86_64-linux-gnu/7/../../../x86_64-linux-gnu -L/usr/lib/gcc/x86_64-linux-gnu/7/../../../../lib -L/lib/x86_64-linux-gnu -L/lib/../lib -L/usr/lib/x86_64-linux-gnu -L/usr/lib/../lib -L/usr/lib/gcc/x86_64-linux-gnu/7/../../.. -lgfortran -lm -lquadmath >&5
configure:4265: $? = 0
configure:4323: gcc -o conftest -g -O2   conftest.c cfortran_test.o   -L/usr/lib/gcc/x86_64-linux-gnu/7 -L/usr/lib/gcc/x86_64-linux-gnu/7/../../../x86_64-linux-gnu -L/usr/lib/gcc/x86_64-linux-gnu/7/../../../../lib -L/lib/x86_64-linux-gnu -L/lib/../lib -L/usr/lib/x86_64-linux-gnu -L/usr/lib/../lib -L/usr/lib/gcc/x86_64-linux-gnu/7/../../.. -lgfortran -lm -lquadmath >&5
configure:4323: $? = 0
configure:4365: result: lower case, underscore, no extra underscore
configure:4440: checking for Fortran flag to compile .f90 files
configure:4460: gfortran -c -g -O2  conftest.f90 >&5
configure:4460: $? = 0
configure:4469: result: none
configure:4494: checking for Fortran flag needed to accept free-form source
configure:4513: gfortran -c -g -O2  conftest.f90 >&5
configure:4513: $? = 0
configure:4522: result: none
configure:4547: checking for Fortran flag to compile preprocessed .F files
configure:4572: gfortran -c -g -O2  conftest.F >&5
configure:4572: $? = 0
configure:4582: gfortran -c -g -O2  conftest.F >&5
conftest.F:5:2:

       choke me
  1    ~~~~~~~~     
Fatal Error: ac_nonexistent.h: No such file or directory
compilation terminated.
configure:4582: $? = 1
configure: failed program was:
|       program main
| 
| #if 1
| #include <ac_nonexistent.h>
|       choke me
| #endif
|       end
configure:4595: result: none
configure:4616: checking how to define symbols for preprocessed Fortran
configure:4638: gfortran -c -g -O2 -DFOOBAR -DZORK=42  conftest.F >&5
configure:4638: $? = 0
configure:4647: result: -D
configure:4667: checking for Fortran flag to compile preprocessed .F90 files
configure:4692: gfortran -c -g -O2  conftest.F90 >&5
configure:4692: $? = 0
configure:4702: gfortran -c -g -O2  conftest.F90 >&5
conftest.F90:5:2:

       choke me
  1    ~~~~~~~~     
Fatal Error: ac_nonexistent.h: No such file or directory
compilation terminated.
configure:4702: $? = 1
configure: failed program was:
|       program main
| 
| #if 1
| #include <ac_nonexistent.h>
|       choke me
| #endif
|       end
configure:4715: result: none
configure:4784: checking for gcc
configure:4811: result: gcc
configure:5040: checking for C compiler version
configure:5049: gcc --version >&5
gcc (Ubuntu 7.2.0-8ubuntu3) 7.2.0
Copyright (C) 2017 Free Software Foundation, Inc.
This is free software; see the source for copying conditions.  There is NO
warranty; not even for MERCHANTABILITY or FITNESS FOR A PARTICULAR PURPOSE.

configure:5060: $? = 0
configure:5049: gcc -v >&5
Using built-in specs.
COLLECT_GCC=gcc
COLLECT_LTO_WRAPPER=/usr/lib/gcc/x86_64-linux-gnu/7/lto-wrapper
OFFLOAD_TARGET_NAMES=nvptx-none
OFFLOAD_TARGET_DEFAULT=1
Target: x86_64-linux-gnu
Configured with: ../src/configure -v --with-pkgversion='Ubuntu 7.2.0-8ubuntu3' --with-bugurl=file:///usr/share/doc/gcc-7/README.Bugs --enable-languages=c,ada,c++,go,brig,d,fortran,objc,obj-c++ --prefix=/usr --with-gcc-major-version-only --program-suffix=-7 --program-prefix=x86_64-linux-gnu- --enable-shared --enable-linker-build-id --libexecdir=/usr/lib --without-included-gettext --enable-threads=posix --libdir=/usr/lib --enable-nls --with-sysroot=/ --enable-clocale=gnu --enable-libstdcxx-debug --enable-libstdcxx-time=yes --with-default-libstdcxx-abi=new --enable-gnu-unique-object --disable-vtable-verify --enable-libmpx --enable-plugin --enable-default-pie --with-system-zlib --with-target-system-zlib --enable-objc-gc=auto --enable-multiarch --disable-werror --with-arch-32=i686 --with-abi=m64 --with-multilib-list=m32,m64,mx32 --enable-multilib --with-tune=generic --enable-offload-targets=nvptx-none --without-cuda-driver --enable-checking=release --build=x86_64-linux-gnu --host=x86_64-linux-gnu --target=x86_64-linux-gnu
Thread model: posix
gcc version 7.2.0 (Ubuntu 7.2.0-8ubuntu3) 
configure:5060: $? = 0
configure:5049: gcc -V >&5
gcc: error: unrecognized command line option '-V'
gcc: fatal error: no input files
compilation terminated.
configure:5060: $? = 1
configure:5049: gcc -qversion >&5
gcc: error: unrecognized command line option '-qversion'; did you mean '--version'?
gcc: fatal error: no input files
compilation terminated.
configure:5060: $? = 1
configure:5064: checking whether we are using the GNU C compiler
configure:5100: result: yes
configure:5109: checking whether gcc accepts -g
configure:5194: result: yes
configure:5211: checking for gcc option to accept ISO C89
configure:5295: result: none needed
configure:5326: checking how to run the C preprocessor
configure:5357: gcc -E  conftest.c
configure:5357: $? = 0
configure:5371: gcc -E  conftest.c
conftest.c:11:10: fatal error: ac_nonexistent.h: No such file or directory
 #include <ac_nonexistent.h>
          ^~~~~~~~~~~~~~~~~~
compilation terminated.
configure:5371: $? = 1
configure: failed program was:
| /* confdefs.h */
| #define PACKAGE_NAME "Specfem 2D"
| #define PACKAGE_TARNAME "Specfem2D"
| #define PACKAGE_VERSION "7.0.0"
| #define PACKAGE_STRING "Specfem 2D 7.0.0"
| #define PACKAGE_BUGREPORT "see the wiki"
| #define PACKAGE_URL ""
| #define FC_FUNC(name,NAME) name ## _
| #define FC_FUNC_(name,NAME) name ## _
| /* end confdefs.h.  */
| #include <ac_nonexistent.h>
configure:5396: result: gcc -E
configure:5416: gcc -E  conftest.c
configure:5416: $? = 0
configure:5430: gcc -E  conftest.c
conftest.c:11:10: fatal error: ac_nonexistent.h: No such file or directory
 #include <ac_nonexistent.h>
          ^~~~~~~~~~~~~~~~~~
compilation terminated.
configure:5430: $? = 1
configure: failed program was:
| /* confdefs.h */
| #define PACKAGE_NAME "Specfem 2D"
| #define PACKAGE_TARNAME "Specfem2D"
| #define PACKAGE_VERSION "7.0.0"
| #define PACKAGE_STRING "Specfem 2D 7.0.0"
| #define PACKAGE_BUGREPORT "see the wiki"
| #define PACKAGE_URL ""
| #define FC_FUNC(name,NAME) name ## _
| #define FC_FUNC_(name,NAME) name ## _
| /* end confdefs.h.  */
| #include <ac_nonexistent.h>
configure:5459: checking for grep that handles long lines and -e
configure:5517: result: /bin/grep
configure:5522: checking for egrep
configure:5584: result: /bin/grep -E
configure:5589: checking for ANSI C header files
configure:5617: gcc -c -g -O2  conftest.c >&5
configure:5617: $? = 0
configure:5690: gcc -o conftest -g -O2   conftest.c  >&5
configure:5690: $? = 0
configure:5690: ./conftest
configure:5690: $? = 0
configure:5701: result: yes
configure:5714: checking for sys/types.h
configure:5714: gcc -c -g -O2  conftest.c >&5
configure:5714: $? = 0
configure:5714: result: yes
configure:5714: checking for sys/stat.h
configure:5714: gcc -c -g -O2  conftest.c >&5
configure:5714: $? = 0
configure:5714: result: yes
configure:5714: checking for stdlib.h
configure:5714: gcc -c -g -O2  conftest.c >&5
configure:5714: $? = 0
configure:5714: result: yes
configure:5714: checking for string.h
configure:5714: gcc -c -g -O2  conftest.c >&5
configure:5714: $? = 0
configure:5714: result: yes
configure:5714: checking for memory.h
configure:5714: gcc -c -g -O2  conftest.c >&5
configure:5714: $? = 0
configure:5714: result: yes
configure:5714: checking for strings.h
configure:5714: gcc -c -g -O2  conftest.c >&5
configure:5714: $? = 0
configure:5714: result: yes
configure:5714: checking for inttypes.h
configure:5714: gcc -c -g -O2  conftest.c >&5
configure:5714: $? = 0
configure:5714: result: yes
configure:5714: checking for stdint.h
configure:5714: gcc -c -g -O2  conftest.c >&5
configure:5714: $? = 0
configure:5714: result: yes
configure:5714: checking for unistd.h
configure:5714: gcc -c -g -O2  conftest.c >&5
configure:5714: $? = 0
configure:5714: result: yes
configure:5726: checking emmintrin.h usability
configure:5726: gcc -c -g -O2  conftest.c >&5
configure:5726: $? = 0
configure:5726: result: yes
configure:5726: checking emmintrin.h presence
configure:5726: gcc -E  conftest.c
configure:5726: $? = 0
configure:5726: result: yes
configure:5726: checking for emmintrin.h
configure:5726: result: yes
configure:5734: checking xmmintrin.h usability
configure:5734: gcc -c -g -O2  conftest.c >&5
configure:5734: $? = 0
configure:5734: result: yes
configure:5734: checking xmmintrin.h presence
configure:5734: gcc -E  conftest.c
configure:5734: $? = 0
configure:5734: result: yes
configure:5734: checking for xmmintrin.h
configure:5734: result: yes
configure:5743: checking err.h usability
configure:5743: gcc -c -g -O2  conftest.c >&5
configure:5743: $? = 0
configure:5743: result: yes
configure:5743: checking err.h presence
configure:5743: gcc -E  conftest.c
configure:5743: $? = 0
configure:5743: result: yes
configure:5743: checking for err.h
configure:5743: result: yes
configure:5820: checking for scotchfarchinit  in -lscotch
configure:5832: gfortran -o conftest -g -O2  -L/usr/lib  conftest.F90 -lscotch -lscotcherr  >&5
/usr/bin/ld: cannot find -lscotch
/usr/bin/ld: cannot find -lscotcherr
collect2: error: ld returned 1 exit status
configure:5832: $? = 1
configure: failed program was:
|       program main
|       call scotchfarchinit
|       end
configure:5841: result: no
configure:5862: checking whether Scotch is usable
configure:5878: result: no, using bundled scotch instead
configure:5884: checking for flex
configure:5914: result: no
configure:5884: checking for lex
configure:5914: result: no
configure:6044: checking for bison
configure:6074: result: no
configure:6044: checking for byacc
configure:6074: result: no
configure:6259: checking for the pthreads library -lpthreads
configure:6300: gcc -o conftest -g -O2    conftest.c -lpthreads  >&5
conftest.c: In function 'main':
conftest.c:38:22: warning: null argument where non-null required (argument 1) [-Wnonnull]
                      pthread_attr_init(0); pthread_cleanup_push(0, 0);
                      ^~~~~~~~~~~~~~~~~
conftest.c:39:22: warning: null argument where non-null required (argument 1) [-Wnonnull]
                      pthread_create(0,0,0,0); pthread_cleanup_pop(0);
                      ^~~~~~~~~~~~~~
conftest.c:39:22: warning: null argument where non-null required (argument 3) [-Wnonnull]
/usr/bin/ld: cannot find -lpthreads
collect2: error: ld returned 1 exit status
configure:6300: $? = 1
configure: failed program was:
| /* confdefs.h */
| #define PACKAGE_NAME "Specfem 2D"
| #define PACKAGE_TARNAME "Specfem2D"
| #define PACKAGE_VERSION "7.0.0"
| #define PACKAGE_STRING "Specfem 2D 7.0.0"
| #define PACKAGE_BUGREPORT "see the wiki"
| #define PACKAGE_URL ""
| #define FC_FUNC(name,NAME) name ## _
| #define FC_FUNC_(name,NAME) name ## _
| #define STDC_HEADERS 1
| #define HAVE_SYS_TYPES_H 1
| #define HAVE_SYS_STAT_H 1
| #define HAVE_STDLIB_H 1
| #define HAVE_STRING_H 1
| #define HAVE_MEMORY_H 1
| #define HAVE_STRINGS_H 1
| #define HAVE_INTTYPES_H 1
| #define HAVE_STDINT_H 1
| #define HAVE_UNISTD_H 1
| #define HAVE_EMMINTRIN 1
| #define HAVE_XMMINTRIN 1
| #define HAVE_ERR 1
| #define HAVE_SCOTCH 1
| /* end confdefs.h.  */
| #include <pthread.h>
| #ifdef FC_DUMMY_MAIN
| #ifndef FC_DUMMY_MAIN_EQ_F77
| #  ifdef __cplusplus
|      extern "C"
| #  endif
|    int FC_DUMMY_MAIN() { return 1; }
| #endif
| #endif
| int
| main ()
| {
| pthread_t th; pthread_join(th, 0);
|                      pthread_attr_init(0); pthread_cleanup_push(0, 0);
|                      pthread_create(0,0,0,0); pthread_cleanup_pop(0);
|   ;
|   return 0;
| }
configure:6309: result: no
configure:6204: checking whether pthreads work without any flags
configure:6300: gcc -o conftest -g -O2    conftest.c   >&5
conftest.c: In function 'main':
conftest.c:38:22: warning: null argument where non-null required (argument 1) [-Wnonnull]
                      pthread_attr_init(0); pthread_cleanup_push(0, 0);
                      ^~~~~~~~~~~~~~~~~
conftest.c:39:22: warning: null argument where non-null required (argument 1) [-Wnonnull]
                      pthread_create(0,0,0,0); pthread_cleanup_pop(0);
                      ^~~~~~~~~~~~~~
conftest.c:39:22: warning: null argument where non-null required (argument 3) [-Wnonnull]
/tmp/ccNF89Y4.o: In function `main':
/home/quentin/Téléchargements/specfem-dg-clean/specfem-dg-devel/conftest.c:37: undefined reference to `pthread_join'
/home/quentin/Téléchargements/specfem-dg-clean/specfem-dg-devel/conftest.c:38: undefined reference to `__pthread_register_cancel'
/home/quentin/Téléchargements/specfem-dg-clean/specfem-dg-devel/conftest.c:39: undefined reference to `pthread_create'
/home/quentin/Téléchargements/specfem-dg-clean/specfem-dg-devel/conftest.c:39: undefined reference to `__pthread_unregister_cancel'
collect2: error: ld returned 1 exit status
configure:6300: $? = 1
configure: failed program was:
| /* confdefs.h */
| #define PACKAGE_NAME "Specfem 2D"
| #define PACKAGE_TARNAME "Specfem2D"
| #define PACKAGE_VERSION "7.0.0"
| #define PACKAGE_STRING "Specfem 2D 7.0.0"
| #define PACKAGE_BUGREPORT "see the wiki"
| #define PACKAGE_URL ""
| #define FC_FUNC(name,NAME) name ## _
| #define FC_FUNC_(name,NAME) name ## _
| #define STDC_HEADERS 1
| #define HAVE_SYS_TYPES_H 1
| #define HAVE_SYS_STAT_H 1
| #define HAVE_STDLIB_H 1
| #define HAVE_STRING_H 1
| #define HAVE_MEMORY_H 1
| #define HAVE_STRINGS_H 1
| #define HAVE_INTTYPES_H 1
| #define HAVE_STDINT_H 1
| #define HAVE_UNISTD_H 1
| #define HAVE_EMMINTRIN 1
| #define HAVE_XMMINTRIN 1
| #define HAVE_ERR 1
| #define HAVE_SCOTCH 1
| /* end confdefs.h.  */
| #include <pthread.h>
| #ifdef FC_DUMMY_MAIN
| #ifndef FC_DUMMY_MAIN_EQ_F77
| #  ifdef __cplusplus
|      extern "C"
| #  endif
|    int FC_DUMMY_MAIN() { return 1; }
| #endif
| #endif
| int
| main ()
| {
| pthread_t th; pthread_join(th, 0);
|                      pthread_attr_init(0); pthread_cleanup_push(0, 0);
|                      pthread_create(0,0,0,0); pthread_cleanup_pop(0);
|   ;
|   return 0;
| }
configure:6309: result: no
configure:6209: checking whether pthreads work with -Kthread
configure:6300: gcc -o conftest -g -O2 -Kthread   conftest.c   >&5
gcc: error: unrecognized command line option '-Kthread'; did you mean '-pthread'?
configure:6300: $? = 1
configure: failed program was:
| /* confdefs.h */
| #define PACKAGE_NAME "Specfem 2D"
| #define PACKAGE_TARNAME "Specfem2D"
| #define PACKAGE_VERSION "7.0.0"
| #define PACKAGE_STRING "Specfem 2D 7.0.0"
| #define PACKAGE_BUGREPORT "see the wiki"
| #define PACKAGE_URL ""
| #define FC_FUNC(name,NAME) name ## _
| #define FC_FUNC_(name,NAME) name ## _
| #define STDC_HEADERS 1
| #define HAVE_SYS_TYPES_H 1
| #define HAVE_SYS_STAT_H 1
| #define HAVE_STDLIB_H 1
| #define HAVE_STRING_H 1
| #define HAVE_MEMORY_H 1
| #define HAVE_STRINGS_H 1
| #define HAVE_INTTYPES_H 1
| #define HAVE_STDINT_H 1
| #define HAVE_UNISTD_H 1
| #define HAVE_EMMINTRIN 1
| #define HAVE_XMMINTRIN 1
| #define HAVE_ERR 1
| #define HAVE_SCOTCH 1
| /* end confdefs.h.  */
| #include <pthread.h>
| #ifdef FC_DUMMY_MAIN
| #ifndef FC_DUMMY_MAIN_EQ_F77
| #  ifdef __cplusplus
|      extern "C"
| #  endif
|    int FC_DUMMY_MAIN() { return 1; }
| #endif
| #endif
| int
| main ()
| {
| pthread_t th; pthread_join(th, 0);
|                      pthread_attr_init(0); pthread_cleanup_push(0, 0);
|                      pthread_create(0,0,0,0); pthread_cleanup_pop(0);
|   ;
|   return 0;
| }
configure:6309: result: no
configure:6209: checking whether pthreads work with -kthread
configure:6300: gcc -o conftest -g -O2 -kthread   conftest.c   >&5
gcc: error: unrecognized command line option '-kthread'; did you mean '-pthread'?
configure:6300: $? = 1
configure: failed program was:
| /* confdefs.h */
| #define PACKAGE_NAME "Specfem 2D"
| #define PACKAGE_TARNAME "Specfem2D"
| #define PACKAGE_VERSION "7.0.0"
| #define PACKAGE_STRING "Specfem 2D 7.0.0"
| #define PACKAGE_BUGREPORT "see the wiki"
| #define PACKAGE_URL ""
| #define FC_FUNC(name,NAME) name ## _
| #define FC_FUNC_(name,NAME) name ## _
| #define STDC_HEADERS 1
| #define HAVE_SYS_TYPES_H 1
| #define HAVE_SYS_STAT_H 1
| #define HAVE_STDLIB_H 1
| #define HAVE_STRING_H 1
| #define HAVE_MEMORY_H 1
| #define HAVE_STRINGS_H 1
| #define HAVE_INTTYPES_H 1
| #define HAVE_STDINT_H 1
| #define HAVE_UNISTD_H 1
| #define HAVE_EMMINTRIN 1
| #define HAVE_XMMINTRIN 1
| #define HAVE_ERR 1
| #define HAVE_SCOTCH 1
| /* end confdefs.h.  */
| #include <pthread.h>
| #ifdef FC_DUMMY_MAIN
| #ifndef FC_DUMMY_MAIN_EQ_F77
| #  ifdef __cplusplus
|      extern "C"
| #  endif
|    int FC_DUMMY_MAIN() { return 1; }
| #endif
| #endif
| int
| main ()
| {
| pthread_t th; pthread_join(th, 0);
|                      pthread_attr_init(0); pthread_cleanup_push(0, 0);
|                      pthread_create(0,0,0,0); pthread_cleanup_pop(0);
|   ;
|   return 0;
| }
configure:6309: result: no
configure:6259: checking for the pthreads library -llthread
configure:6300: gcc -o conftest -g -O2    conftest.c -llthread  >&5
conftest.c: In function 'main':
conftest.c:38:22: warning: null argument where non-null required (argument 1) [-Wnonnull]
                      pthread_attr_init(0); pthread_cleanup_push(0, 0);
                      ^~~~~~~~~~~~~~~~~
conftest.c:39:22: warning: null argument where non-null required (argument 1) [-Wnonnull]
                      pthread_create(0,0,0,0); pthread_cleanup_pop(0);
                      ^~~~~~~~~~~~~~
conftest.c:39:22: warning: null argument where non-null required (argument 3) [-Wnonnull]
/usr/bin/ld: cannot find -llthread
collect2: error: ld returned 1 exit status
configure:6300: $? = 1
configure: failed program was:
| /* confdefs.h */
| #define PACKAGE_NAME "Specfem 2D"
| #define PACKAGE_TARNAME "Specfem2D"
| #define PACKAGE_VERSION "7.0.0"
| #define PACKAGE_STRING "Specfem 2D 7.0.0"
| #define PACKAGE_BUGREPORT "see the wiki"
| #define PACKAGE_URL ""
| #define FC_FUNC(name,NAME) name ## _
| #define FC_FUNC_(name,NAME) name ## _
| #define STDC_HEADERS 1
| #define HAVE_SYS_TYPES_H 1
| #define HAVE_SYS_STAT_H 1
| #define HAVE_STDLIB_H 1
| #define HAVE_STRING_H 1
| #define HAVE_MEMORY_H 1
| #define HAVE_STRINGS_H 1
| #define HAVE_INTTYPES_H 1
| #define HAVE_STDINT_H 1
| #define HAVE_UNISTD_H 1
| #define HAVE_EMMINTRIN 1
| #define HAVE_XMMINTRIN 1
| #define HAVE_ERR 1
| #define HAVE_SCOTCH 1
| /* end confdefs.h.  */
| #include <pthread.h>
| #ifdef FC_DUMMY_MAIN
| #ifndef FC_DUMMY_MAIN_EQ_F77
| #  ifdef __cplusplus
|      extern "C"
| #  endif
|    int FC_DUMMY_MAIN() { return 1; }
| #endif
| #endif
| int
| main ()
| {
| pthread_t th; pthread_join(th, 0);
|                      pthread_attr_init(0); pthread_cleanup_push(0, 0);
|                      pthread_create(0,0,0,0); pthread_cleanup_pop(0);
|   ;
|   return 0;
| }
configure:6309: result: no
configure:6209: checking whether pthreads work with -pthread
configure:6300: gcc -o conftest -g -O2 -pthread   conftest.c   >&5
conftest.c: In function 'main':
conftest.c:38:22: warning: null argument where non-null required (argument 1) [-Wnonnull]
                      pthread_attr_init(0); pthread_cleanup_push(0, 0);
                      ^~~~~~~~~~~~~~~~~
conftest.c:39:22: warning: null argument where non-null required (argument 1) [-Wnonnull]
                      pthread_create(0,0,0,0); pthread_cleanup_pop(0);
                      ^~~~~~~~~~~~~~
conftest.c:39:22: warning: null argument where non-null required (argument 3) [-Wnonnull]
configure:6300: $? = 0
configure:6309: result: yes
configure:6328: checking for joinable pthread attribute
configure:6351: gcc -o conftest -g -O2 -pthread   conftest.c   >&5
configure:6351: $? = 0
configure:6357: result: PTHREAD_CREATE_JOINABLE
configure:6367: checking if more special flags are required for pthreads
configure:6374: result: no
configure:6441: result: pthread found
configure:6522: checking Fortran 90 module extension
configure:6544: gfortran -c -g -O2  conftest.F90 >&5
configure:6544: $? = 0
configure:6560: result: mod
configure:6569: checking Fortran 90 module inclusion flag
configure:6591: gfortran -c -g -O2  conftest.F90 >&5
configure:6591: $? = 0
configure:6605: gfortran -c -g -O2 -Mconftest.dir -Mconftest.dir  conftest.F90 >&5
gfortran: error: unrecognized command line option '-Mconftest.dir'
gfortran: error: unrecognized command line option '-Mconftest.dir'
configure:6605: $? = 1
configure: failed program was:
| 
|       program main
|       use conftest_module
|       call conftest_routine
|       end program
configure:6605: gfortran -c -g -O2 -Iconftest.dir -Iconftest.dir  conftest.F90 >&5
configure:6605: $? = 0
configure:6625: result: -I
configure:6640: checking Fortran 90 module output flag
configure:6668: gfortran -c -g -O2 -Jsub  conftest.F90 >&5
configure:6668: $? = 0
configure:6677: gfortran -c -g -O2 -Jsub  conftest.F90 >&5
f951: Warning: Nonexistent include directory 'sub' [-Wmissing-include-dirs]
configure:6677: $? = 0
configure:6698: result: -J
configure:6784: checking for g++
configure:6800: found /usr/bin/g++
configure:6811: result: g++
configure:6838: checking for C++ compiler version
configure:6847: g++ --version >&5
g++ (Ubuntu 7.2.0-8ubuntu3) 7.2.0
Copyright (C) 2017 Free Software Foundation, Inc.
This is free software; see the source for copying conditions.  There is NO
warranty; not even for MERCHANTABILITY or FITNESS FOR A PARTICULAR PURPOSE.

configure:6858: $? = 0
configure:6847: g++ -v >&5
Using built-in specs.
COLLECT_GCC=g++
COLLECT_LTO_WRAPPER=/usr/lib/gcc/x86_64-linux-gnu/7/lto-wrapper
OFFLOAD_TARGET_NAMES=nvptx-none
OFFLOAD_TARGET_DEFAULT=1
Target: x86_64-linux-gnu
Configured with: ../src/configure -v --with-pkgversion='Ubuntu 7.2.0-8ubuntu3' --with-bugurl=file:///usr/share/doc/gcc-7/README.Bugs --enable-languages=c,ada,c++,go,brig,d,fortran,objc,obj-c++ --prefix=/usr --with-gcc-major-version-only --program-suffix=-7 --program-prefix=x86_64-linux-gnu- --enable-shared --enable-linker-build-id --libexecdir=/usr/lib --without-included-gettext --enable-threads=posix --libdir=/usr/lib --enable-nls --with-sysroot=/ --enable-clocale=gnu --enable-libstdcxx-debug --enable-libstdcxx-time=yes --with-default-libstdcxx-abi=new --enable-gnu-unique-object --disable-vtable-verify --enable-libmpx --enable-plugin --enable-default-pie --with-system-zlib --with-target-system-zlib --enable-objc-gc=auto --enable-multiarch --disable-werror --with-arch-32=i686 --with-abi=m64 --with-multilib-list=m32,m64,mx32 --enable-multilib --with-tune=generic --enable-offload-targets=nvptx-none --without-cuda-driver --enable-checking=release --build=x86_64-linux-gnu --host=x86_64-linux-gnu --target=x86_64-linux-gnu
Thread model: posix
gcc version 7.2.0 (Ubuntu 7.2.0-8ubuntu3) 
configure:6858: $? = 0
configure:6847: g++ -V >&5
g++: error: unrecognized command line option '-V'
g++: fatal error: no input files
compilation terminated.
configure:6858: $? = 1
configure:6847: g++ -qversion >&5
g++: error: unrecognized command line option '-qversion'; did you mean '--version'?
g++: fatal error: no input files
compilation terminated.
configure:6858: $? = 1
configure:6862: checking whether we are using the GNU C++ compiler
configure:6889: g++ -c   conftest.cpp >&5
configure:6889: $? = 0
configure:6898: result: yes
configure:6907: checking whether g++ accepts -g
configure:6935: g++ -c -g  conftest.cpp >&5
configure:6935: $? = 0
configure:6992: result: yes
configure:7021: checking how to run the C++ preprocessor
configure:7048: g++ -E  conftest.cpp
configure:7048: $? = 0
configure:7062: g++ -E  conftest.cpp
conftest.cpp:25:10: fatal error: ac_nonexistent.h: No such file or directory
 #include <ac_nonexistent.h>
          ^~~~~~~~~~~~~~~~~~
compilation terminated.
configure:7062: $? = 1
configure: failed program was:
| /* confdefs.h */
| #define PACKAGE_NAME "Specfem 2D"
| #define PACKAGE_TARNAME "Specfem2D"
| #define PACKAGE_VERSION "7.0.0"
| #define PACKAGE_STRING "Specfem 2D 7.0.0"
| #define PACKAGE_BUGREPORT "see the wiki"
| #define PACKAGE_URL ""
| #define FC_FUNC(name,NAME) name ## _
| #define FC_FUNC_(name,NAME) name ## _
| #define STDC_HEADERS 1
| #define HAVE_SYS_TYPES_H 1
| #define HAVE_SYS_STAT_H 1
| #define HAVE_STDLIB_H 1
| #define HAVE_STRING_H 1
| #define HAVE_MEMORY_H 1
| #define HAVE_STRINGS_H 1
| #define HAVE_INTTYPES_H 1
| #define HAVE_STDINT_H 1
| #define HAVE_UNISTD_H 1
| #define HAVE_EMMINTRIN 1
| #define HAVE_XMMINTRIN 1
| #define HAVE_ERR 1
| #define HAVE_SCOTCH 1
| /* end confdefs.h.  */
| #include <ac_nonexistent.h>
configure:7087: result: g++ -E
configure:7107: g++ -E  conftest.cpp
configure:7107: $? = 0
configure:7121: g++ -E  conftest.cpp
conftest.cpp:25:10: fatal error: ac_nonexistent.h: No such file or directory
 #include <ac_nonexistent.h>
          ^~~~~~~~~~~~~~~~~~
compilation terminated.
configure:7121: $? = 1
configure: failed program was:
| /* confdefs.h */
| #define PACKAGE_NAME "Specfem 2D"
| #define PACKAGE_TARNAME "Specfem2D"
| #define PACKAGE_VERSION "7.0.0"
| #define PACKAGE_STRING "Specfem 2D 7.0.0"
| #define PACKAGE_BUGREPORT "see the wiki"
| #define PACKAGE_URL ""
| #define FC_FUNC(name,NAME) name ## _
| #define FC_FUNC_(name,NAME) name ## _
| #define STDC_HEADERS 1
| #define HAVE_SYS_TYPES_H 1
| #define HAVE_SYS_STAT_H 1
| #define HAVE_STDLIB_H 1
| #define HAVE_STRING_H 1
| #define HAVE_MEMORY_H 1
| #define HAVE_STRINGS_H 1
| #define HAVE_INTTYPES_H 1
| #define HAVE_STDINT_H 1
| #define HAVE_UNISTD_H 1
| #define HAVE_EMMINTRIN 1
| #define HAVE_XMMINTRIN 1
| #define HAVE_ERR 1
| #define HAVE_SCOTCH 1
| /* end confdefs.h.  */
| #include <ac_nonexistent.h>
configure:7176: checking mpi.h usability
configure:7176: g++ -c -g -O2  -I/usr/lib/x86_64-linux-gnu/openmpi/include  conftest.cpp >&5
configure:7176: $? = 0
configure:7176: result: yes
configure:7176: checking mpi.h presence
configure:7176: g++ -E  -I/usr/lib/x86_64-linux-gnu/openmpi/include  conftest.cpp
configure:7176: $? = 0
configure:7176: result: yes
configure:7176: checking for mpi.h
configure:7176: result: yes
configure:7669: creating ./config.status

## ---------------------- ##
## Running config.status. ##
## ---------------------- ##

This file was extended by Specfem 2D config.status 7.0.0, which was
generated by GNU Autoconf 2.69.  Invocation command line was

  CONFIG_FILES    = 
  CONFIG_HEADERS  = 
  CONFIG_LINKS    = 
  CONFIG_COMMANDS = 
  $ ./config.status 

on quentin-hp

config.status:894: creating Makefile
config.status:894: creating setup/constants.h
config.status:894: creating setup/constants_tomography.h
config.status:894: creating setup/precision.h
config.status:894: creating setup/config.fh
config.status:894: creating ./src/meshfem2D/scotch/src/Makefile.inc
config.status:894: creating setup/config.h
config.status:1064: setup/config.h is unchanged
config.status:1078: executing bin commands
config.status:1078: executing obj commands
config.status:1078: executing DATA commands
config.status:1078: executing OUTPUT_FILES commands
configure:8853: result: 
configure:8858: result: 
configure:8860: result: ./configure has completed and set up a default configuration to build.
configure:8862: result: 
configure:8864: result: You may wish to modify the following files before running a simulation:
configure:8866: result:   DATA/Par_file           Set parameters affecting the simulation.
configure:8868: result:   DATA/SOURCE             Set the source parameters before running the solver.
configure:8870: result: 

## ---------------- ##
## Cache variables. ##
## ---------------- ##

ac_cv_build=x86_64-unknown-linux-gnu
ac_cv_c_compiler_gnu=yes
ac_cv_cxx_compiler_gnu=yes
ac_cv_env_CCC_set=
ac_cv_env_CCC_value=
ac_cv_env_CC_set=set
ac_cv_env_CC_value=gcc
ac_cv_env_CFLAGS_set=
ac_cv_env_CFLAGS_value=
ac_cv_env_CPPFLAGS_set=
ac_cv_env_CPPFLAGS_value=
ac_cv_env_CPP_set=
ac_cv_env_CPP_value=
ac_cv_env_CUDA_FLAGS_set=
ac_cv_env_CUDA_FLAGS_value=
ac_cv_env_CUDA_INC_set=
ac_cv_env_CUDA_INC_value=
ac_cv_env_CUDA_LIB_set=
ac_cv_env_CUDA_LIB_value=
ac_cv_env_CXXCPP_set=
ac_cv_env_CXXCPP_value=
ac_cv_env_CXXFLAGS_set=
ac_cv_env_CXXFLAGS_value=
ac_cv_env_CXX_set=
ac_cv_env_CXX_value=
ac_cv_env_FCFLAGS_set=
ac_cv_env_FCFLAGS_value=
ac_cv_env_FC_set=set
ac_cv_env_FC_value=gfortran
ac_cv_env_FLAGS_CHECK_set=
ac_cv_env_FLAGS_CHECK_value=
ac_cv_env_LDFLAGS_set=
ac_cv_env_LDFLAGS_value=
ac_cv_env_LIBS_set=
ac_cv_env_LIBS_value=
ac_cv_env_LOCAL_PATH_IS_ALSO_GLOBAL_set=
ac_cv_env_LOCAL_PATH_IS_ALSO_GLOBAL_value=
ac_cv_env_MPICC_set=
ac_cv_env_MPICC_value=
ac_cv_env_MPIFC_set=set
ac_cv_env_MPIFC_value=mpif90
ac_cv_env_MPILIBS_set=
ac_cv_env_MPILIBS_value=
ac_cv_env_MPI_INC_set=
ac_cv_env_MPI_INC_value=
ac_cv_env_NVCC_set=
ac_cv_env_NVCC_value=
ac_cv_env_SCOTCH_DIR_set=
ac_cv_env_SCOTCH_DIR_value=
ac_cv_env_SCOTCH_INCLUDEDIR_set=
ac_cv_env_SCOTCH_INCLUDEDIR_value=
ac_cv_env_SCOTCH_LIBDIR_set=
ac_cv_env_SCOTCH_LIBDIR_value=
ac_cv_env_USE_BUNDLED_SCOTCH_set=
ac_cv_env_USE_BUNDLED_SCOTCH_value=
ac_cv_env_YACC_set=
ac_cv_env_YACC_value=
ac_cv_env_YFLAGS_set=
ac_cv_env_YFLAGS_value=
ac_cv_env_build_alias_set=
ac_cv_env_build_alias_value=
ac_cv_env_host_alias_set=
ac_cv_env_host_alias_value=
ac_cv_env_target_alias_set=
ac_cv_env_target_alias_value=
ac_cv_fc_compiler_gnu=yes
ac_cv_fc_dummy_main=none
ac_cv_fc_freeform=none
ac_cv_fc_libs=' -L/usr/lib/gcc/x86_64-linux-gnu/7 -L/usr/lib/gcc/x86_64-linux-gnu/7/../../../x86_64-linux-gnu -L/usr/lib/gcc/x86_64-linux-gnu/7/../../../../lib -L/lib/x86_64-linux-gnu -L/lib/../lib -L/usr/lib/x86_64-linux-gnu -L/usr/lib/../lib -L/usr/lib/gcc/x86_64-linux-gnu/7/../../.. -lgfortran -lm -lquadmath'
ac_cv_fc_mangling='lower case, underscore, no extra underscore'
ac_cv_fc_module_ext=mod
ac_cv_fc_module_flag=-I
ac_cv_fc_module_output_flag=-J
ac_cv_fc_pp_define=-D
ac_cv_fc_pp_srcext_F90=none
ac_cv_fc_pp_srcext_F=none
ac_cv_fc_srcext_f90=none
ac_cv_fortran_dummy_main=none
ac_cv_header_emmintrin_h=yes
ac_cv_header_err_h=yes
ac_cv_header_inttypes_h=yes
ac_cv_header_memory_h=yes
ac_cv_header_mpi_h=yes
ac_cv_header_stdc=yes
ac_cv_header_stdint_h=yes
ac_cv_header_stdlib_h=yes
ac_cv_header_string_h=yes
ac_cv_header_strings_h=yes
ac_cv_header_sys_stat_h=yes
ac_cv_header_sys_types_h=yes
ac_cv_header_unistd_h=yes
ac_cv_header_xmmintrin_h=yes
ac_cv_host=x86_64-unknown-linux-gnu
ac_cv_lib_scotch_scotchfarchinit_=no
ac_cv_objext=o
ac_cv_path_EGREP='/bin/grep -E'
ac_cv_path_GREP=/bin/grep
ac_cv_prog_CPP='gcc -E'
ac_cv_prog_CXXCPP='g++ -E'
ac_cv_prog_ac_ct_CC=gcc
ac_cv_prog_ac_ct_CXX=g++
ac_cv_prog_cc_c89=
ac_cv_prog_cc_g=yes
ac_cv_prog_cxx_g=yes
ac_cv_prog_fc_g=yes
ac_cv_prog_fc_v=-v

## ----------------- ##
## Output variables. ##
## ----------------- ##

CC='gcc'
CFLAGS='-g -O2'
COND_CUDA5_FALSE=''
COND_CUDA5_TRUE='#'
COND_CUDA6_FALSE=''
COND_CUDA6_TRUE='#'
COND_CUDA7_FALSE=''
COND_CUDA7_TRUE='#'
COND_CUDA_FALSE=''
COND_CUDA_PLUS_FALSE=''
COND_CUDA_PLUS_TRUE='#'
COND_CUDA_TRUE='#'
COND_DEBUG_FALSE=''
COND_DEBUG_TRUE='#'
COND_MPI_FALSE='#'
COND_MPI_TRUE=''
COND_VECTORIZATION_FALSE=''
COND_VECTORIZATION_TRUE='#'
CPP='gcc -E'
CPPFLAGS=''
CUDA_CPPFLAGS=''
CUDA_FLAGS=''
CUDA_INC=''
CUDA_LDFLAGS=''
CUDA_LIB=''
CUDA_LIBS=''
CUSTOM_MPI_TYPE='MPI_DOUBLE_PRECISION'
CUSTOM_REAL='SIZE_DOUBLE'
CXX='g++'
CXXCPP='g++ -E'
CXXFLAGS='-g -O2'
DEFS='-DHAVE_CONFIG_H'
ECHO_C=''
ECHO_N='-n'
ECHO_T=''
EGREP='/bin/grep -E'
EXEEXT=''
FC='gfortran'
FCENV=''
FCFLAGS='-g -O2'
FCFLAGS_F90=''
FCFLAGS_F=''
FCFLAGS_f90='-J./obj -I./obj -I. '
FCLIBS=' -L/usr/lib/gcc/x86_64-linux-gnu/7 -L/usr/lib/gcc/x86_64-linux-gnu/7/../../../x86_64-linux-gnu -L/usr/lib/gcc/x86_64-linux-gnu/7/../../../../lib -L/lib/x86_64-linux-gnu -L/lib/../lib -L/usr/lib/x86_64-linux-gnu -L/usr/lib/../lib -L/usr/lib/gcc/x86_64-linux-gnu/7/../../.. -lgfortran -lm -lquadmath'
FC_DEFINE='-D'
FC_MODDIR='./obj'
FC_MODEXT='mod'
FC_MODINC='-I'
FC_MODOUT='-J'
FLAGS_CHECK='-std=f2003 -fimplicit-none -frange-check -fmax-errors=10 -pedantic -pedantic-errors -Waliasing -Wampersand -Wcharacter-truncation -Wline-truncation -Wsurprising -Wno-tabs -Wunderflow -ffpe-trap=invalid,zero,overflow -Wunused -Werror -O3'
GREP='/bin/grep'
LDFLAGS=''
LEX=':'
LEXLIB=''
LEX_OUTPUT_ROOT=''
LIBOBJS=''
LIBS=''
LOCAL_PATH_IS_ALSO_GLOBAL='true'
LTLIBOBJS=''
MPICC='mpicc'
MPIFC='mpif90'
MPILIBS=''
MPI_INC='/usr/lib/x86_64-linux-gnu/openmpi/include'
MPI_INCLUDES=' -I/usr/lib/x86_64-linux-gnu/openmpi/include'
NVCC=''
NVCC_PROG=''
OBJEXT='o'
PACKAGE_BUGREPORT='see the wiki'
PACKAGE_NAME='Specfem 2D'
PACKAGE_STRING='Specfem 2D 7.0.0'
PACKAGE_TARNAME='Specfem2D'
PACKAGE_URL=''
PACKAGE_VERSION='7.0.0'
PATH_SEPARATOR=':'
PTHREAD_CC='gcc'
PTHREAD_CFLAGS='-pthread'
PTHREAD_LIBS=''
SCOTCH_DIR='./src/meshfem2D/scotch'
SCOTCH_INCLUDEDIR='./src/meshfem2D/scotch/include'
SCOTCH_LIBDIR='./src/meshfem2D/scotch/lib'
SHELL='/bin/bash'
USE_BUNDLED_SCOTCH='1'
YACC='yacc'
YFLAGS=''
ac_ct_CC='gcc'
ac_ct_CXX='g++'
ac_ct_FC=''
ac_empty=''
acx_pthread_config=''
bindir='${exec_prefix}/bin'
build='x86_64-unknown-linux-gnu'
build_alias=''
build_cpu='x86_64'
build_os='linux-gnu'
build_vendor='unknown'
datadir='${datarootdir}'
datarootdir='${prefix}/share'
docdir='${datarootdir}/doc/${PACKAGE_TARNAME}'
dvidir='${docdir}'
exec_prefix='${prefix}'
host='x86_64-unknown-linux-gnu'
host_alias=''
host_cpu='x86_64'
host_os='linux-gnu'
host_vendor='unknown'
htmldir='${docdir}'
includedir='${prefix}/include'
infodir='${datarootdir}/info'
libdir='${exec_prefix}/lib'
libexecdir='${exec_prefix}/libexec'
localedir='${datarootdir}/locale'
localstatedir='${prefix}/var'
mandir='${datarootdir}/man'
oldincludedir='/usr/include'
pdfdir='${docdir}'
prefix='/usr/local'
program_transform_name='s,x,x,'
psdir='${docdir}'
sbindir='${exec_prefix}/sbin'
sharedstatedir='${prefix}/com'
sysconfdir='${prefix}/etc'
target_alias=''

## ----------- ##
## confdefs.h. ##
## ----------- ##

/* confdefs.h */
#define PACKAGE_NAME "Specfem 2D"
#define PACKAGE_TARNAME "Specfem2D"
#define PACKAGE_VERSION "7.0.0"
#define PACKAGE_STRING "Specfem 2D 7.0.0"
#define PACKAGE_BUGREPORT "see the wiki"
#define PACKAGE_URL ""
#define FC_FUNC(name,NAME) name ## _
#define FC_FUNC_(name,NAME) name ## _
#define STDC_HEADERS 1
#define HAVE_SYS_TYPES_H 1
#define HAVE_SYS_STAT_H 1
#define HAVE_STDLIB_H 1
#define HAVE_STRING_H 1
#define HAVE_MEMORY_H 1
#define HAVE_STRINGS_H 1
#define HAVE_INTTYPES_H 1
#define HAVE_STDINT_H 1
#define HAVE_UNISTD_H 1
#define HAVE_EMMINTRIN 1
#define HAVE_XMMINTRIN 1
#define HAVE_ERR 1
#define HAVE_SCOTCH 1

configure: exit 0
